SF:lib/core/data/data_sources/env_variables.dart
DA:6,0
DA:12,0
DA:15,0
DA:18,0
LF:4
LH:0
end_of_record
SF:lib/features/settings/data/repositories/settings_repository.dart
DA:12,1
DA:14,1
DA:16,2
DA:18,2
DA:21,1
DA:23,2
LF:6
LH:6
end_of_record
SF:lib/core/domain/utils/usecase.dart
DA:9,1
DA:10,1
LF:2
LH:2
end_of_record
SF:lib/features/settings/domain/usecases/get_historical_data_base_currency_use_case.dart
DA:10,0
DA:12,0
DA:14,0
LF:3
LH:0
end_of_record
SF:lib/features/settings/domain/usecases/save_historical_data_base_currency_use_case.dart
DA:9,0
DA:11,0
DA:13,0
LF:3
LH:0
end_of_record
SF:lib/features/settings/presentation/manager/settings_cubit.dart
DA:13,1
DA:15,2
DA:16,1
DA:26,2
DA:28,1
DA:29,3
DA:30,1
DA:33,1
DA:34,1
DA:35,2
DA:36,2
LF:11
LH:11
end_of_record
SF:lib/features/settings/presentation/manager/settings_state.dart
DA:9,1
DA:10,1
LF:2
LH:2
end_of_record
SF:lib/core/application/di/injection_container.dart
DA:5,3
DA:7,0
DA:12,0
LF:3
LH:1
end_of_record
SF:lib/features/currencies/data/data_sources/currencies_local_data_source.dart
DA:11,0
DA:13,0
DA:16,0
DA:18,0
DA:19,0
DA:23,0
DA:27,0
DA:29,0
DA:34,0
DA:37,0
DA:39,0
DA:43,0
DA:47,0
DA:49,0
LF:14
LH:0
end_of_record
SF:lib/features/currencies/data/data_sources/currencies_remote_data_source.dart
DA:13,0
DA:15,0
DA:17,0
DA:19,0
DA:21,0
DA:23,0
DA:29,0
DA:30,0
DA:35,0
DA:39,0
DA:41,0
LF:11
LH:0
end_of_record
SF:lib/features/currencies/data/mappers/currency_historical_data_api_response.dart
DA:6,1
DA:7,1
DA:8,5
DA:9,1
DA:10,0
LF:5
LH:4
end_of_record
SF:lib/features/currencies/data/mappers/storable_currency.dart
DA:5,1
DA:6,1
DA:7,4
LF:3
LH:3
end_of_record
SF:lib/features/currencies/data/models/currencies_api_response.dart
DA:4,1
DA:8,0
DA:9,0
DA:14,0
DA:17,0
DA:18,0
DA:26,1
DA:30,0
DA:32,0
DA:33,0
DA:34,0
DA:36,0
DA:39,0
DA:42,0
DA:54,1
DA:64,0
DA:65,0
DA:66,0
DA:67,0
DA:68,0
DA:69,0
DA:70,0
DA:71,0
DA:82,0
DA:91,0
DA:92,0
DA:93,0
DA:94,0
DA:95,0
DA:96,0
DA:97,0
DA:98,0
DA:101,0
DA:102,0
DA:103,0
DA:104,0
DA:105,0
DA:106,0
DA:107,0
DA:108,0
DA:109,0
LF:41
LH:3
end_of_record
SF:lib/features/currencies/data/models/currency_historical_data_api_response.dart
DA:7,1
DA:11,0
DA:12,0
DA:13,0
DA:14,0
DA:15,0
DA:16,0
DA:18,0
DA:21,0
DA:26,0
DA:29,0
DA:30,0
LF:12
LH:1
end_of_record
SF:lib/features/currencies/data/models/historical_data_model.dart
DA:7,1
DA:9,0
DA:10,0
LF:3
LH:1
end_of_record
SF:lib/features/currencies/data/models/latest_rate_api_response.dart
DA:6,1
DA:10,0
DA:11,0
DA:12,0
DA:13,0
DA:14,0
DA:16,0
DA:21,0
DA:24,0
DA:25,0
LF:10
LH:1
end_of_record
SF:lib/features/currencies/data/models/rate_model.dart
DA:5,1
DA:7,0
DA:8,0
DA:9,0
DA:10,0
LF:5
LH:1
end_of_record
SF:lib/features/currencies/data/models/storable_currency.g.dart
DA:11,2
DA:18,2
DA:19,2
DA:20,2
DA:21,2
DA:22,2
DA:23,2
DA:26,1
DA:28,1
DA:29,1
DA:30,0
DA:31,0
DA:33,1
DA:34,1
DA:35,0
DA:36,0
DA:38,1
DA:39,1
DA:40,0
DA:41,0
DA:43,1
DA:45,1
DA:46,0
DA:47,0
DA:49,1
DA:51,1
DA:53,0
DA:55,0
DA:57,0
DA:59,0
DA:61,0
DA:63,0
DA:65,2
DA:67,1
DA:68,1
DA:83,2
DA:87,2
DA:88,2
DA:91,1
DA:93,1
DA:94,1
DA:95,0
DA:96,0
DA:98,2
DA:99,2
DA:100,0
DA:101,0
DA:103,0
DA:105,0
DA:107,0
DA:108,0
DA:110,2
DA:112,1
DA:113,1
LF:54
LH:32
end_of_record
SF:lib/features/currencies/data/repositories/currencies_repository_impl.dart
DA:26,1
DA:31,1
DA:33,2
DA:34,2
DA:35,1
DA:36,3
DA:37,1
DA:39,1
DA:40,1
DA:46,1
DA:49,2
DA:51,4
DA:53,2
DA:55,2
DA:56,2
DA:57,2
DA:59,2
DA:62,0
DA:65,1
DA:71,2
DA:72,2
DA:73,1
DA:74,2
DA:79,1
DA:83,1
DA:85,2
DA:86,1
DA:87,4
DA:91,2
DA:93,0
DA:99,1
DA:101,2
DA:104,1
DA:105,4
DA:107,2
LF:35
LH:33
end_of_record
SF:lib/features/currencies/domain/entities/currency.dart
DA:9,6
DA:15,3
DA:16,6
DA:18,3
DA:20,3
DA:21,3
DA:22,3
DA:23,3
DA:24,2
LF:9
LH:9
end_of_record
SF:lib/features/currencies/domain/entities/rate.dart
DA:9,7
DA:11,1
DA:12,4
DA:14,1
DA:15,1
DA:16,1
DA:17,0
DA:18,0
DA:21,0
LF:9
LH:6
end_of_record
SF:lib/generated/l10n.dart
DA:16,2
DA:20,1
DA:21,1
DA:28,2
DA:29,2
DA:30,0
DA:31,2
DA:32,2
DA:33,6
DA:34,2
DA:35,2
DA:42,0
DA:43,0
DA:44,0
DA:49,0
DA:50,0
DA:54,0
DA:55,0
DA:59,0
DA:64,0
DA:65,0
DA:69,0
DA:74,0
DA:75,0
DA:79,0
DA:84,0
DA:85,0
DA:89,0
DA:94,0
DA:95,0
DA:99,0
DA:104,0
DA:105,0
DA:109,0
DA:114,1
DA:115,1
DA:119,1
DA:124,0
DA:125,0
DA:129,0
DA:134,0
DA:135,0
DA:139,0
DA:144,1
DA:145,1
DA:149,1
DA:154,1
DA:155,1
DA:159,1
DA:164,1
DA:165,1
DA:169,1
DA:174,1
DA:175,1
DA:179,1
DA:184,0
DA:185,0
DA:189,0
DA:194,0
DA:195,0
DA:199,0
DA:204,0
DA:205,0
DA:209,0
DA:214,0
DA:215,0
DA:219,0
DA:224,1
DA:225,1
DA:229,1
DA:234,0
DA:235,0
DA:239,0
DA:244,0
DA:245,0
DA:249,0
DA:254,0
DA:255,0
DA:259,0
DA:264,0
DA:265,0
DA:269,0
DA:274,0
DA:275,0
DA:279,0
DA:284,0
DA:285,0
DA:289,0
DA:294,0
DA:295,0
DA:299,0
DA:304,0
DA:305,0
DA:309,0
DA:314,0
DA:315,0
DA:319,0
DA:325,4
DA:327,0
DA:334,0
DA:335,0
DA:336,0
DA:337,0
DA:338,0
DA:341,0
DA:342,0
DA:343,0
LF:107
LH:29
end_of_record
SF:lib/core/application/di/app_module.dart
DA:12,0
DA:22,0
DA:23,0
DA:24,0
DA:27,0
DA:29,0
DA:30,0
DA:40,0
DA:41,0
DA:44,0
DA:45,0
DA:48,0
LF:12
LH:0
end_of_record
SF:lib/core/data/interceptors/api_key_appender_interceptor.dart
DA:7,0
DA:9,0
DA:11,0
DA:12,0
LF:4
LH:0
end_of_record
SF:lib/core/application/locale/locale_cubit.dart
DA:17,0
DA:19,0
DA:25,0
DA:27,0
DA:29,0
DA:31,0
DA:32,0
DA:33,0
DA:34,0
DA:38,0
DA:42,0
DA:43,0
DA:44,0
DA:45,0
DA:47,0
DA:48,0
DA:52,0
DA:53,0
DA:56,0
DA:57,0
LF:20
LH:0
end_of_record
SF:lib/core/data/data_sources/secure_cache_data_source.dart
DA:10,0
DA:13,0
DA:15,0
DA:18,0
DA:20,0
DA:23,0
DA:25,0
LF:7
LH:0
end_of_record
SF:lib/features/currencies/data/services/free_currency_api_service.g.dart
DA:12,0
DA:21,0
DA:24,0
DA:25,0
DA:27,0
DA:28,0
DA:33,0
DA:34,0
DA:39,0
DA:40,0
DA:44,0
DA:47,0
DA:48,0
DA:50,0
DA:51,0
DA:56,0
DA:57,0
DA:62,0
DA:63,0
DA:67,0
DA:75,0
DA:81,0
DA:83,0
DA:84,0
DA:89,0
DA:90,0
DA:95,0
DA:96,0
DA:100,0
DA:101,0
DA:102,0
DA:103,0
DA:104,0
DA:105,0
DA:107,0
LF:35
LH:0
end_of_record
SF:lib/features/currencies/data/services/realm_currency_storage_service.dart
DA:16,1
DA:18,1
DA:20,1
DA:24,1
DA:26,2
DA:27,1
DA:28,1
DA:30,0
DA:33,1
DA:35,2
DA:37,2
DA:38,3
DA:40,3
DA:41,2
DA:48,1
DA:50,3
DA:51,2
DA:55,1
DA:58,2
DA:60,6
DA:62,3
DA:63,2
DA:64,2
DA:69,0
DA:71,0
DA:74,1
DA:75,2
DA:77,0
DA:80,4
DA:81,2
DA:82,1
DA:87,1
DA:88,1
DA:89,1
DA:90,3
DA:91,3
DA:95,1
DA:97,2
DA:98,4
LF:39
LH:35
end_of_record
SF:lib/features/currencies/domain/usecases/get_currencies_list_usecase.dart
DA:13,0
DA:15,0
DA:17,0
LF:3
LH:0
end_of_record
SF:lib/features/currencies/domain/usecases/get_rate_usecase.dart
DA:14,0
DA:16,0
DA:18,0
LF:3
LH:0
end_of_record
SF:lib/features/currencies/domain/usecases/get_week_back_historical_data_usecase.dart
DA:15,0
DA:17,0
DA:21,0
DA:22,0
LF:4
LH:0
end_of_record
SF:lib/features/currencies/presentation/manager/currencies_list/currencies_list_cubit.dart
DA:15,1
DA:16,5
DA:18,1
DA:19,1
DA:21,1
DA:22,2
DA:23,1
DA:24,3
DA:25,2
DA:26,2
DA:27,1
DA:28,1
DA:29,1
DA:30,2
DA:31,1
LF:15
LH:15
end_of_record
SF:lib/features/currencies/presentation/manager/currency_converter/currency_converter_cubit.dart
DA:12,1
DA:13,1
DA:19,3
DA:21,3
DA:23,1
DA:24,2
DA:25,2
DA:29,1
DA:30,2
DA:31,2
DA:36,1
DA:37,1
DA:38,1
DA:41,5
DA:42,2
DA:43,1
DA:44,2
DA:45,1
DA:46,1
DA:47,2
DA:48,1
DA:49,2
DA:51,1
DA:52,2
DA:53,1
DA:54,1
DA:59,1
DA:60,1
DA:64,1
DA:68,1
DA:69,2
DA:70,2
DA:71,2
DA:73,1
DA:74,2
DA:75,2
DA:77,1
DA:78,2
DA:79,2
DA:81,3
DA:82,2
DA:83,2
DA:90,1
DA:91,1
DA:95,2
DA:96,2
LF:46
LH:46
end_of_record
SF:lib/features/currencies/presentation/manager/historical_data/currency_historical_data_cubit.dart
DA:9,1
DA:10,1
DA:13,1
DA:14,1
DA:15,2
DA:16,2
DA:17,3
DA:18,1
DA:20,2
DA:23,1
DA:25,1
LF:11
LH:11
end_of_record
SF:lib/core/data/mappers/application_exception.dart
DA:10,0
DA:13,0
DA:14,0
DA:15,0
DA:16,0
DA:17,0
DA:18,0
DA:19,0
DA:21,0
DA:22,0
DA:23,0
DA:25,0
DA:26,0
DA:27,0
DA:28,0
DA:29,0
DA:34,0
DA:35,0
DA:36,0
DA:37,0
DA:38,0
DA:39,0
DA:40,0
DA:46,0
DA:47,0
LF:25
LH:0
end_of_record
SF:lib/core/data/models/exceptions/application_exception.dart
DA:4,0
LF:1
LH:0
end_of_record
SF:lib/core/domain/entities/failures/failure.dart
DA:7,0
LF:1
LH:0
end_of_record
SF:lib/core/data/mappers/dio_error.dart
DA:7,0
DA:8,0
DA:9,0
DA:11,0
DA:15,0
DA:16,0
DA:17,0
DA:18,0
DA:19,0
DA:21,0
DA:25,0
DA:26,0
DA:27,0
DA:28,0
DA:29,0
DA:30,0
DA:32,0
DA:33,0
DA:37,0
DA:38,0
DA:39,0
DA:41,0
DA:42,0
DA:43,0
DA:45,0
DA:46,0
DA:48,0
DA:50,0
DA:51,0
DA:53,0
DA:55,0
DA:57,0
LF:32
LH:0
end_of_record
SF:lib/core/data/utils/data_source.dart
DA:8,0
DA:12,0
DA:14,0
DA:15,0
DA:16,0
DA:17,0
DA:19,0
DA:21,0
DA:24,0
DA:26,0
DA:28,0
LF:11
LH:0
end_of_record
SF:lib/core/data/utils/repository.dart
DA:7,1
DA:12,2
DA:13,0
DA:14,0
DA:15,0
DA:18,0
LF:6
LH:2
end_of_record
SF:lib/core/presentation/utils/cubit.dart
DA:4,3
DA:8,3
DA:9,0
DA:10,0
DA:11,0
DA:12,0
DA:13,0
DA:14,0
DA:15,0
DA:16,0
DA:17,0
DA:18,0
DA:19,0
DA:20,0
DA:21,0
DA:23,3
DA:24,3
DA:25,3
DA:26,3
DA:27,0
DA:28,0
DA:29,0
DA:36,0
DA:38,0
DA:39,0
LF:25
LH:6
end_of_record
SF:lib/features/currencies/data/mappers/currencies_api_response.dart
DA:8,1
DA:9,2
DA:10,3
DA:11,3
DA:12,2
DA:13,2
DA:14,2
DA:15,2
DA:16,3
DA:18,7
DA:19,1
DA:20,0
LF:12
LH:11
end_of_record
SF:lib/features/currencies/data/mappers/currency.dart
DA:5,1
DA:6,5
LF:2
LH:2
end_of_record
SF:lib/features/currencies/domain/entities/currency_historical_data.dart
DA:7,2
DA:9,2
DA:10,6
LF:3
LH:3
end_of_record
SF:lib/features/currencies/data/mappers/exchange_rate.dart
DA:5,1
DA:6,2
LF:2
LH:2
end_of_record
SF:lib/features/currencies/data/mappers/rate_model.dart
DA:5,1
DA:6,4
LF:2
LH:2
end_of_record
SF:lib/features/currencies/domain/entities/get_rate_params.dart
DA:8,2
DA:10,1
DA:11,3
LF:3
LH:3
end_of_record
SF:lib/generated/intl/messages_all.dart
DA:22,6
DA:23,0
DA:24,4
DA:27,2
DA:29,2
DA:30,0
DA:31,2
DA:32,2
DA:39,2
DA:40,2
DA:41,6
DA:42,0
DA:44,0
DA:46,4
DA:47,2
DA:48,6
DA:49,4
DA:50,2
DA:53,2
DA:55,2
DA:61,2
DA:63,2
DA:65,2
LF:23
LH:19
end_of_record
SF:lib/generated/intl/messages_ar.dart
DA:16,0
DA:21,0
DA:24,0
DA:25,0
DA:26,0
DA:27,0
DA:28,0
DA:29,0
DA:31,0
DA:32,0
DA:33,0
DA:34,0
DA:35,0
DA:37,0
DA:38,0
DA:41,0
DA:43,0
DA:45,0
DA:46,0
DA:49,0
DA:50,0
DA:52,0
DA:53,0
DA:54,0
DA:56,0
DA:58,0
DA:60,0
DA:61,0
DA:63,0
DA:65,0
LF:30
LH:0
end_of_record
SF:lib/generated/intl/messages_en.dart
DA:16,6
DA:21,0
DA:24,4
DA:25,2
DA:26,2
DA:27,2
DA:28,2
DA:29,2
DA:31,2
DA:32,2
DA:33,2
DA:34,2
DA:35,2
DA:37,2
DA:38,2
DA:41,2
DA:43,2
DA:45,2
DA:46,2
DA:49,2
DA:50,2
DA:52,2
DA:54,2
DA:55,2
DA:57,2
DA:59,2
DA:61,2
DA:62,2
DA:64,2
DA:66,2
LF:30
LH:29
end_of_record
